===== INÍCIO DA SIMULAÇÃO =====

[CICLO 01]
ESPERA - PAC043 (Arthur Rezende, prioridade 1) -> inserido no fim do deque

[CICLO 02]
INTERNADO - PAC043 (Arthur Rezende, prioridade 1)
ESPERA - PAC010 (Maria Sophia Melo, prioridade 5) -> inserido no início do deque

[CICLO 03]
ALTA - PAC043 (Arthur Rezende)
INTERNADO - PAC010 (Maria Sophia Melo, prioridade 5)
ESPERA - PAC047 (Bryan Santos, prioridade 2) -> inserido no fim do deque

[CICLO 04]
INTERNADO - PAC047 (Bryan Santos, prioridade 2)
ESPERA - PAC038 (Enzo Gabriel Costela, prioridade 3) -> inserido no fim do deque

[CICLO 05]
INTERNADO - PAC038 (Enzo Gabriel Costela, prioridade 3)
ESPERA - PAC020 (Rafaela Peixoto, prioridade 5) -> inserido no início do deque

[CICLO 06]
ALTA - PAC047 (Bryan Santos)
INTERNADO - PAC020 (Rafaela Peixoto, prioridade 5)
ESPERA - PAC044 (Giovanna Cavalcanti, prioridade 5) -> inserido no início do deque

[CICLO 07]
INTERNADO - PAC044 (Giovanna Cavalcanti, prioridade 5)
ESPERA - PAC030 (Matheus Rocha, prioridade 1) -> inserido no fim do deque

[CICLO 08]
INTERNADO - PAC030 (Matheus Rocha, prioridade 1)
ESPERA - PAC049 (Bruno Moraes, prioridade 1) -> inserido no fim do deque

[CICLO 09]
ALTA - PAC010 (Maria Sophia Melo)
ALTA - PAC044 (Giovanna Cavalcanti)
ALTA - PAC030 (Matheus Rocha)
INTERNADO - PAC049 (Bruno Moraes, prioridade 1)
ESPERA - PAC042 (Gustavo Henrique Melo, prioridade 1) -> inserido no fim do deque

[CICLO 10]
INTERNADO - PAC042 (Gustavo Henrique Melo, prioridade 1)
ESPERA - PAC021 (Samuel da Cruz, prioridade 3) -> inserido no fim do deque

[CICLO 11]
ALTA - PAC049 (Bruno Moraes)
ALTA - PAC038 (Enzo Gabriel Costela)
INTERNADO - PAC021 (Samuel da Cruz, prioridade 3)
ESPERA - PAC029 (Ana Beatriz Lima, prioridade 2) -> inserido no fim do deque

[CICLO 12]
ALTA - PAC020 (Rafaela Peixoto)
ALTA - PAC042 (Gustavo Henrique Melo)
INTERNADO - PAC029 (Ana Beatriz Lima, prioridade 2)
ESPERA - PAC050 (João Guilherme Cardoso, prioridade 5) -> inserido no início do deque

[CICLO 13]
ALTA - PAC021 (Samuel da Cruz)
ALTA - PAC029 (Ana Beatriz Lima)
INTERNADO - PAC050 (João Guilherme Cardoso, prioridade 5)
ESPERA - PAC040 (Vitória Nogueira, prioridade 4) -> inserido no início do deque

[CICLO 14]
INTERNADO - PAC040 (Vitória Nogueira, prioridade 4)
ESPERA - PAC046 (Isadora da Mota, prioridade 1) -> inserido no fim do deque

[CICLO 15]
INTERNADO - PAC046 (Isadora da Mota, prioridade 1)
ESPERA - PAC037 (Luiz Miguel da Conceição, prioridade 2) -> inserido no fim do deque

[CICLO 16]
ALTA - PAC050 (João Guilherme Cardoso)
ALTA - PAC046 (Isadora da Mota)
INTERNADO - PAC037 (Luiz Miguel da Conceição, prioridade 2)
ESPERA - PAC048 (Ana Clara Castro, prioridade 4) -> inserido no início do deque

[CICLO 17]
INTERNADO - PAC048 (Ana Clara Castro, prioridade 4)
ESPERA - PAC045 (Marina Mendes, prioridade 4) -> inserido no início do deque

[CICLO 18]
ALTA - PAC037 (Luiz Miguel da Conceição)
ALTA - PAC048 (Ana Clara Castro)
INTERNADO - PAC045 (Marina Mendes, prioridade 4)
ESPERA - PAC041 (Luiz Felipe Ferreira, prioridade 2) -> inserido no fim do deque

[CICLO 19]
INTERNADO - PAC041 (Luiz Felipe Ferreira, prioridade 2)
ESPERA - PAC032 (Caio Novaes, prioridade 2) -> inserido no fim do deque

[CICLO 20]
INTERNADO - PAC032 (Caio Novaes, prioridade 2)
ESPERA - PAC012 (Caroline Costa, prioridade 5) -> inserido no início do deque

[CICLO 21]
ALTA - PAC045 (Marina Mendes)
ALTA - PAC040 (Vitória Nogueira)
ALTA - PAC032 (Caio Novaes)
INTERNADO - PAC012 (Caroline Costa, prioridade 5)
ESPERA - PAC036 (Luna Martins, prioridade 4) -> inserido no início do deque

[CICLO 22]
ALTA - PAC041 (Luiz Felipe Ferreira)
INTERNADO - PAC036 (Luna Martins, prioridade 4)
ESPERA - PAC033 (Francisco da Cunha, prioridade 5) -> inserido no início do deque

[CICLO 23]
ALTA - PAC012 (Caroline Costa)
ALTA - PAC036 (Luna Martins)
INTERNADO - PAC033 (Francisco da Cunha, prioridade 5)
ESPERA - PAC011 (Benício Castro, prioridade 5) -> inserido no início do deque

[CICLO 24]
INTERNADO - PAC011 (Benício Castro, prioridade 5)
ESPERA - PAC039 (Luiz Miguel Santos, prioridade 3) -> inserido no fim do deque

[CICLO 25]
INTERNADO - PAC039 (Luiz Miguel Santos, prioridade 3)
ESPERA - PAC001 (Sophie Peixoto, prioridade 1) -> inserido no fim do deque

[CICLO 26]
ALTA - PAC033 (Francisco da Cunha)
ALTA - PAC039 (Luiz Miguel Santos)
INTERNADO - PAC001 (Sophie Peixoto, prioridade 1)
ESPERA - PAC028 (Gabriel da Cruz, prioridade 4) -> inserido no início do deque

[CICLO 27]
INTERNADO - PAC028 (Gabriel da Cruz, prioridade 4)
ESPERA - PAC035 (Isis Moreira, prioridade 1) -> inserido no fim do deque

[CICLO 28]
ALTA - PAC028 (Gabriel da Cruz)
INTERNADO - PAC035 (Isis Moreira, prioridade 1)
ESPERA - PAC023 (Enrico Alves, prioridade 5) -> inserido no início do deque

[CICLO 29]
INTERNADO - PAC023 (Enrico Alves, prioridade 5)
ESPERA - PAC003 (Nina Melo, prioridade 3) -> inserido no fim do deque

[CICLO 30]
ALTA - PAC001 (Sophie Peixoto)
ALTA - PAC011 (Benício Castro)
ALTA - PAC035 (Isis Moreira)
INTERNADO - PAC003 (Nina Melo, prioridade 3)
ESPERA - PAC027 (Daniel da Costa, prioridade 2) -> inserido no fim do deque

[CICLO 31]
ALTA - PAC003 (Nina Melo)
ALTA - PAC023 (Enrico Alves)
INTERNADO - PAC027 (Daniel da Costa, prioridade 2)
ESPERA - PAC018 (Emilly Cunha, prioridade 2) -> inserido no fim do deque

[CICLO 32]
ALTA - PAC027 (Daniel da Costa)
INTERNADO - PAC018 (Emilly Cunha, prioridade 2)
ESPERA - PAC026 (Maria Sales, prioridade 3) -> inserido no fim do deque

[CICLO 33]
INTERNADO - PAC026 (Maria Sales, prioridade 3)
ESPERA - PAC014 (Fernanda Monteiro, prioridade 4) -> inserido no início do deque

[CICLO 34]
ALTA - PAC026 (Maria Sales)
INTERNADO - PAC014 (Fernanda Monteiro, prioridade 4)
ESPERA - PAC031 (Isaac da Costa, prioridade 5) -> inserido no início do deque

[CICLO 35]
INTERNADO - PAC031 (Isaac da Costa, prioridade 5)
ESPERA - PAC024 (Ana Luiza Ribeiro, prioridade 4) -> inserido no início do deque

[CICLO 36]
INTERNADO - PAC024 (Ana Luiza Ribeiro, prioridade 4)
ESPERA - PAC034 (Luiz Felipe Novaes, prioridade 4) -> inserido no início do deque

[CICLO 37]
ALTA - PAC018 (Emilly Cunha)
ALTA - PAC014 (Fernanda Monteiro)
ALTA - PAC031 (Isaac da Costa)
INTERNADO - PAC034 (Luiz Felipe Novaes, prioridade 4)
ESPERA - PAC009 (Eduarda da Rosa, prioridade 3) -> inserido no fim do deque

[CICLO 38]
INTERNADO - PAC009 (Eduarda da Rosa, prioridade 3)
ESPERA - PAC015 (Francisco Moraes, prioridade 5) -> inserido no início do deque

[CICLO 39]
ALTA - PAC034 (Luiz Felipe Novaes)
ALTA - PAC009 (Eduarda da Rosa)
ALTA - PAC024 (Ana Luiza Ribeiro)
INTERNADO - PAC015 (Francisco Moraes, prioridade 5)
ESPERA - PAC025 (Davi Lucas Freitas, prioridade 3) -> inserido no fim do deque

[CICLO 40]
INTERNADO - PAC025 (Davi Lucas Freitas, prioridade 3)
ESPERA - PAC005 (Thomas Martins, prioridade 2) -> inserido no fim do deque

[CICLO 41]
ALTA - PAC015 (Francisco Moraes)
ALTA - PAC025 (Davi Lucas Freitas)
INTERNADO - PAC005 (Thomas Martins, prioridade 2)
ESPERA - PAC019 (Sofia Peixoto, prioridade 1) -> inserido no fim do deque

[CICLO 42]
INTERNADO - PAC019 (Sofia Peixoto, prioridade 1)
ESPERA - PAC016 (Noah Pires, prioridade 2) -> inserido no fim do deque

[CICLO 43]
ALTA - PAC019 (Sofia Peixoto)
INTERNADO - PAC016 (Noah Pires, prioridade 2)
ESPERA - PAC007 (Ana Laura Nogueira, prioridade 3) -> inserido no fim do deque

[CICLO 44]
ALTA - PAC005 (Thomas Martins)
INTERNADO - PAC007 (Ana Laura Nogueira, prioridade 3)
ESPERA - PAC017 (Mirella Fernandes, prioridade 1) -> inserido no fim do deque

[CICLO 45]
ALTA - PAC007 (Ana Laura Nogueira)
ALTA - PAC016 (Noah Pires)
INTERNADO - PAC017 (Mirella Fernandes, prioridade 1)
ESPERA - PAC002 (Beatriz Gomes, prioridade 4) -> inserido no início do deque

[CICLO 46]
INTERNADO - PAC002 (Beatriz Gomes, prioridade 4)
ESPERA - PAC022 (Lucas Gabriel Barros, prioridade 1) -> inserido no fim do deque

[CICLO 47]
INTERNADO - PAC022 (Lucas Gabriel Barros, prioridade 1)
ESPERA - PAC006 (Calebe Jesus, prioridade 5) -> inserido no início do deque

[CICLO 48]
INTERNADO - PAC006 (Calebe Jesus, prioridade 5)
ESPERA - PAC013 (Luana da Rocha, prioridade 5) -> inserido no início do deque

[CICLO 49]
INTERNADO - PAC013 (Luana da Rocha, prioridade 5)
ESPERA - PAC008 (Ana Clara Carvalho, prioridade 3) -> inserido no fim do deque

[CICLO 50]
ALTA - PAC022 (Lucas Gabriel Barros)
INTERNADO - PAC008 (Ana Clara Carvalho, prioridade 3)
ESPERA - PAC004 (Manuela Ferreira, prioridade 5) -> inserido no início do deque

[CICLO 51]
ALTA - PAC017 (Mirella Fernandes)
INTERNADO - PAC004 (Manuela Ferreira, prioridade 5)

[CICLO 52]
ALTA - PAC002 (Beatriz Gomes)
ALTA - PAC008 (Ana Clara Carvalho)

[CICLO 53]
ALTA - PAC004 (Manuela Ferreira)
ALTA - PAC006 (Calebe Jesus)

[CICLO 54]
! Nenhuma ação realizada neste ciclo.

[CICLO 55]
! Nenhuma ação realizada neste ciclo.

[CICLO 56]
! Nenhuma ação realizada neste ciclo.

[CICLO 57]
! Nenhuma ação realizada neste ciclo.

[CICLO 58]
! Nenhuma ação realizada neste ciclo.

[CICLO 59]
! Nenhuma ação realizada neste ciclo.

[CICLO 60]
! Nenhuma ação realizada neste ciclo.

[CICLO 61]
ALTA - PAC013 (Luana da Rocha)
===== FIM DA SIMULAÇÃO =====
